<?xml version="1.0" encoding="UTF-8"?>
<testng-results ignored="0" total="1" passed="1" failed="0" skipped="0">
  <reporter-output>
  </reporter-output>
  <suite started-at="2025-03-17T12:51:34 IST" name="Suite" finished-at="2025-03-17T12:52:00 IST" duration-ms="25930">
    <groups>
    </groups>
    <test started-at="2025-03-17T12:51:34 IST" name="Test" finished-at="2025-03-17T12:52:00 IST" duration-ms="25930">
      <class name="Mubadala.PatientPortalAutomation.FunctionalTestCase.LoginTC">
        <test-method is-config="true" signature="setUpBrowser()[pri:0, instance:Mubadala.PatientPortalAutomation.FunctionalTestCase.LoginTC@4d1bf319]" started-at="2025-03-17T12:51:34 IST" name="setUpBrowser" finished-at="2025-03-17T12:51:45 IST" duration-ms="10773" status="PASS">
          <reporter-output>
          </reporter-output>
        </test-method> <!-- setUpBrowser -->
        <test-method signature="patientPortalLoginTC()[pri:0, instance:Mubadala.PatientPortalAutomation.FunctionalTestCase.LoginTC@4d1bf319]" started-at="2025-03-17T12:51:45 IST" name="patientPortalLoginTC" finished-at="2025-03-17T12:51:59 IST" duration-ms="14416" status="PASS">
          <reporter-output>
          </reporter-output>
        </test-method> <!-- patientPortalLoginTC -->
        <test-method is-config="true" signature="tearDownBrowser()[pri:0, instance:Mubadala.PatientPortalAutomation.FunctionalTestCase.LoginTC@4d1bf319]" started-at="2025-03-17T12:51:59 IST" name="tearDownBrowser" finished-at="2025-03-17T12:52:00 IST" duration-ms="702" status="PASS">
          <reporter-output>
          </reporter-output>
        </test-method> <!-- tearDownBrowser -->
      </class> <!-- Mubadala.PatientPortalAutomation.FunctionalTestCase.LoginTC -->
    </test> <!-- Test -->
  </suite> <!-- Suite -->
</testng-results>
